<?xml version="1.0" encoding="UTF-8"?>
<!-- Generated by org.testng.reporters.JUnitReportReporter -->
<testsuite hostname="DESKTOP-BIHUJ10" failures="0" tests="4" name="myPackage.LoginAutomationTest" time="52.133" errors="0" timestamp="2020-07-16T16:29:08 IST" skipped="0">
  <testcase classname="myPackage.LoginAutomationTest" name="failedLoginIncorrectCredentials" time="13.672"/>
  <system-out/>
  <testcase classname="myPackage.LoginAutomationTest" name="failedLoginInvalidPass" time="11.630"/>
  <system-out/>
  <testcase classname="myPackage.LoginAutomationTest" name="validLogin" time="11.870"/>
  <system-out/>
  <testcase classname="myPackage.LoginAutomationTest" name="failedLoginInvalidEmail" time="14.961"/>
  <system-out/>
</testsuite> <!-- myPackage.LoginAutomationTest -->
