<?xml version="1.0" encoding="UTF-8"?>
<!-- Generated by org.testng.reporters.JUnitReportReporter -->
<testsuite hostname="DESKTOP-BIHUJ10" failures="0" tests="1" name="myPackage.RegistrationAutomationTest" time="10.223" errors="0" timestamp="2020-07-16T00:34:22 IST" skipped="0">
  <testcase classname="myPackage.RegistrationAutomationTest" name="failedAccountCreationTest" time="10.223"/>
  <system-out/>
</testsuite> <!-- myPackage.RegistrationAutomationTest -->
