<?xml version="1.0" encoding="UTF-8"?>
<!-- Generated by org.testng.reporters.JUnitReportReporter -->
<testsuite hostname="DESKTOP-BIHUJ10" failures="0" tests="2" name="myPackage.AddtoCartAutomationTest" time="22.572" errors="0" timestamp="2020-07-15T21:19:34 IST" skipped="0">
  <testcase classname="myPackage.AddtoCartAutomationTest" name="login" time="7.978"/>
  <system-out/>
  <testcase classname="myPackage.AddtoCartAutomationTest" name="addtoCart" time="14.594"/>
  <system-out/>
</testsuite> <!-- myPackage.AddtoCartAutomationTest -->
