<?xml version="1.0" encoding="UTF-8"?>
<!-- Generated by org.testng.reporters.JUnitReportReporter -->
<testsuite hostname="DESKTOP-BIHUJ10" failures="0" tests="1" name="myPackage.SampleTestNGTest" time="0.143" errors="0" timestamp="2020-07-14T20:54:10 IST" skipped="0">
  <testcase classname="myPackage.SampleTestNGTest" name="verifyHomepageTitle" time="0.143"/>
  <system-out/>
</testsuite> <!-- myPackage.SampleTestNGTest -->
