<?xml version="1.0" encoding="UTF-8"?>
<!-- Generated by org.testng.reporters.JUnitReportReporter -->
<testsuite hostname="DESKTOP-BIHUJ10" failures="0" tests="5" name="myPackage.AutomationTest" time="53.038" errors="0" timestamp="2020-07-17T12:33:47 IST" skipped="0">
  <testcase classname="myPackage.AutomationTest" name="validRegistrationTest" time="17.594"/>
  <system-out/>
  <testcase classname="myPackage.AutomationTest" name="validLogin" time="11.681"/>
  <system-out/>
  <testcase classname="myPackage.AutomationTest" name="failedLoginInvalidCredentials" time="11.155"/>
  <system-out/>
  <testcase classname="myPackage.AutomationTest" name="searchItem" time="6.544"/>
  <system-out/>
  <testcase classname="myPackage.AutomationTest" name="addtoCart" time="6.064"/>
  <system-out/>
</testsuite> <!-- myPackage.AutomationTest -->
